2026-04-10 23:36:00 | INFO | test memory
2026-04-10 23:51:27 | INFO | Storage ready at C:\Users\workk\AppData\Local\Temp\tmpvuk5ykno\t.db
2026-04-10 23:51:27 | INFO | New session 737b3383… personality='MAVERICK'
2026-04-10 23:51:27 | INFO | Saved message id=1 role='user' session=737b3383…
2026-04-10 23:51:27 | INFO | Saved message id=2 role='assistant' session=737b3383…
2026-04-10 23:54:37 | INFO | Storage ready at C:\Users\workk\Documents\new_mave\maverick.db
2026-04-10 23:54:37 | INFO | New session eb52ca85… personality='MAVERICK'
2026-04-10 23:55:31 | INFO | Storage ready at C:\Users\workk\Documents\new_mave\maverick.db
2026-04-10 23:55:31 | INFO | New session 075f3b37… personality='MAVERICK'
2026-04-10 23:57:45 | INFO | Storage ready at C:\Users\workk\Documents\new_mave\maverick.db
2026-04-10 23:57:45 | INFO | New session 562a9069… personality='MAVERICK'
2026-04-10 23:57:56 | INFO | Saved message id=1 role='user' session=562a9069…
2026-04-10 23:57:56 | INFO | Saved message id=2 role='assistant' session=562a9069…
2026-04-10 23:58:43 | INFO | Saved message id=3 role='user' session=562a9069…
2026-04-10 23:58:43 | INFO | Saved message id=4 role='assistant' session=562a9069…
2026-04-10 23:59:14 | INFO | Saved message id=5 role='user' session=562a9069…
2026-04-10 23:59:14 | INFO | Saved message id=6 role='assistant' session=562a9069…
2026-04-10 23:59:30 | INFO | New session fda06c06… personality='MAVERICK'
2026-04-11 00:04:36 | INFO | Storage ready at C:\Users\workk\Documents\new_mave\maverick.db
2026-04-11 00:04:36 | INFO | New session 3fc0ba6a… personality='MAVERICK'
2026-04-11 00:04:46 | INFO | Saved message id=7 role='user' session=3fc0ba6a…
2026-04-11 00:04:46 | INFO | Saved message id=8 role='assistant' session=3fc0ba6a…
2026-04-11 00:19:36 | INFO | Pattern engine ready at C:\Users\workk\AppData\Local\Temp\tmpb8_zpgx7\patterns.db
2026-04-11 00:20:17 | INFO | Pattern engine ready at C:\Users\workk\Documents\new_mave\patterns.db
2026-04-11 00:21:31 | INFO | Storage ready at C:\Users\workk\Documents\new_mave\maverick.db
2026-04-11 00:21:31 | INFO | Pattern engine ready at C:\Users\workk\Documents\new_mave\patterns.db
2026-04-11 00:21:31 | INFO | New session ebe6b550… personality='MAVERICK'
2026-04-11 00:21:54 | INFO | Storage ready at C:\Users\workk\Documents\new_mave\maverick.db
2026-04-11 00:21:54 | INFO | Pattern engine ready at C:\Users\workk\Documents\new_mave\patterns.db
2026-04-11 00:21:54 | INFO | New session 9888b3ac… personality='MAVERICK'
2026-04-11 00:22:43 | INFO | Saved message id=9 role='user' session=9888b3ac…
2026-04-11 00:22:43 | INFO | Saved message id=10 role='assistant' session=9888b3ac…
2026-04-11 00:22:49 | INFO | Saved message id=11 role='user' session=9888b3ac…
2026-04-11 00:22:49 | INFO | Saved message id=12 role='assistant' session=9888b3ac…
2026-04-11 00:26:43 | INFO | Storage ready at C:\Users\workk\Documents\new_mave\maverick.db
2026-04-11 00:26:43 | INFO | Pattern engine ready at C:\Users\workk\Documents\new_mave\patterns.db
2026-04-11 00:26:43 | INFO | New session 1633dee7… personality='MAVERICK'
2026-04-11 00:27:22 | INFO | Saved message id=13 role='user' session=1633dee7…
2026-04-11 00:27:22 | INFO | Saved message id=14 role='assistant' session=1633dee7…
2026-04-11 00:27:59 | INFO | Saved message id=15 role='user' session=1633dee7…
2026-04-11 00:27:59 | INFO | Saved message id=16 role='assistant' session=1633dee7…
2026-04-11 00:28:50 | INFO | Saved message id=17 role='user' session=1633dee7…
2026-04-11 00:28:50 | INFO | Saved message id=18 role='assistant' session=1633dee7…
2026-04-11 00:29:35 | INFO | Saved message id=19 role='user' session=1633dee7…
2026-04-11 00:29:35 | INFO | Saved message id=20 role='assistant' session=1633dee7…
2026-04-11 00:30:42 | INFO | Saved message id=21 role='user' session=1633dee7…
2026-04-11 00:30:42 | INFO | Saved message id=22 role='assistant' session=1633dee7…
2026-04-11 00:31:27 | INFO | Saved message id=23 role='user' session=1633dee7…
2026-04-11 00:31:27 | INFO | Saved message id=24 role='assistant' session=1633dee7…
