2026-04-10 23:36:00 | INFO | test system
2026-04-10 23:55:31 | INFO | MAVERICK CLI starting.
2026-04-10 23:57:45 | INFO | MAVERICK CLI starting.
2026-04-11 00:02:52 | INFO | Voice output ON.
2026-04-11 00:02:52 | INFO | Voice set: man (en-US-GuyNeural).
2026-04-11 00:02:52 | INFO | Voice set: girl (en-US-AriaNeural).
2026-04-11 00:04:03 | INFO | Voice output ON.
2026-04-11 00:04:36 | INFO | MAVERICK CLI starting.
2026-04-11 00:06:22 | INFO | Voice enabled.
2026-04-11 00:06:22 | INFO | Voice set to en-US-GuyNeural.
2026-04-11 00:13:18 | INFO | Voice enabled.
2026-04-11 00:13:18 | INFO | Voice set to en-US-AriaNeural.
2026-04-11 00:14:32 | INFO | Morning routine executed.
2026-04-11 00:14:32 | INFO | Study reminder executed.
2026-04-11 00:14:32 | INFO | Night summary executed.
2026-04-11 00:14:32 | INFO | Reminder scheduled at 23:59: Test reminder
2026-04-11 00:15:00 | INFO | Morning routine executed.
2026-04-11 00:15:00 | INFO | Study reminder executed.
2026-04-11 00:15:00 | INFO | Night summary executed.
2026-04-11 00:21:31 | INFO | Voice enabled.
2026-04-11 00:21:31 | INFO | Voice set to en-US-AriaNeural.
2026-04-11 00:21:31 | INFO | Routine: Study reminder: focus on your current subject now. Stay consistent.
2026-04-11 00:21:31 | INFO | Study reminder executed.
2026-04-11 00:21:54 | INFO | MAVERICK CLI starting.
2026-04-11 00:21:54 | INFO | Scheduler started (daemon thread).
2026-04-11 00:22:15 | INFO | Voice enabled.
2026-04-11 00:22:23 | INFO | Voice set to en-US-AriaNeural.
2026-04-11 00:22:36 | INFO | Routine: Good morning friend. Pending tasks: No pending tasks.. "Rise and shine. No pending tasks, a blank slate awaits. Seize the day, set new goals, and crush them. You've got this, own it."
2026-04-11 00:22:36 | INFO | Morning routine executed.
2026-04-11 00:24:31 | INFO | Voice synthesized with en-US-AriaNeural.
2026-04-11 00:26:43 | INFO | MAVERICK CLI starting.
2026-04-11 00:26:43 | INFO | Scheduler started (daemon thread).
2026-04-11 00:26:53 | INFO | Voice enabled.
2026-04-11 00:27:19 | INFO | Voice set to en-US-AriaNeural.
2026-04-11 00:27:25 | INFO | Voice synthesized with en-US-AriaNeural.
2026-04-11 00:28:02 | INFO | Voice synthesized with en-US-AriaNeural.
2026-04-11 00:28:46 | INFO | Voice set to en-US-GuyNeural.
2026-04-11 00:28:52 | INFO | Voice synthesized with en-US-GuyNeural.
2026-04-11 00:29:38 | INFO | Voice synthesized with en-US-GuyNeural.
2026-04-11 00:30:45 | INFO | Voice synthesized with en-US-GuyNeural.
2026-04-11 00:31:31 | INFO | Voice synthesized with en-US-GuyNeural.
